[35m[1mScanning dependencies of target servo_state_publisher[0m
[35m[1mScanning dependencies of target mavros_extras[0m
[  4%] [32mBuilding CXX object CMakeFiles/servo_state_publisher.dir/src/servo_state_publisher.cpp.o[0m
[  9%] [32mBuilding CXX object CMakeFiles/mavros_extras.dir/src/plugins/adsb.cpp.o[0m
[ 14%] [32m[1mLinking CXX executable /home/aniraula/catkin_ws/devel/.private/mavros_extras/lib/mavros_extras/servo_state_publisher[0m
[ 14%] Built target servo_state_publisher
[35m[1mScanning dependencies of target copter_visualization[0m
[ 19%] [32mBuilding CXX object CMakeFiles/copter_visualization.dir/src/copter_visualization.cpp.o[0m
[ 23%] [32mBuilding CXX object CMakeFiles/mavros_extras.dir/src/plugins/cam_imu_sync.cpp.o[0m
[ 28%] [32m[1mLinking CXX executable /home/aniraula/catkin_ws/devel/.private/mavros_extras/lib/mavros_extras/copter_visualization[0m
[ 28%] Built target copter_visualization
[ 33%] [32mBuilding CXX object CMakeFiles/mavros_extras.dir/src/plugins/debug_value.cpp.o[0m
[ 38%] [32mBuilding CXX object CMakeFiles/mavros_extras.dir/src/plugins/distance_sensor.cpp.o[0m
[ 42%] [32mBuilding CXX object CMakeFiles/mavros_extras.dir/src/plugins/fake_gps.cpp.o[0m
[ 47%] [32mBuilding CXX object CMakeFiles/mavros_extras.dir/src/plugins/gps_rtk.cpp.o[0m
[ 52%] [32mBuilding CXX object CMakeFiles/mavros_extras.dir/src/plugins/log_transfer.cpp.o[0m
[ 57%] [32mBuilding CXX object CMakeFiles/mavros_extras.dir/src/plugins/mocap_pose_estimate.cpp.o[0m
[ 61%] [32mBuilding CXX object CMakeFiles/mavros_extras.dir/src/plugins/obstacle_distance.cpp.o[0m
[ 66%] [32mBuilding CXX object CMakeFiles/mavros_extras.dir/src/plugins/odom.cpp.o[0m
[ 71%] [32mBuilding CXX object CMakeFiles/mavros_extras.dir/src/plugins/px4flow.cpp.o[0m
[01m[K/home/aniraula/catkin_ws/src/mavros/mavros_extras/src/plugins/odom.cpp:[m[K In member function â€˜[01m[Kvoid mavros::extra_plugins::OdometryPlugin::odom_cb(const ConstPtr&)[m[Kâ€™:
[01m[K/home/aniraula/catkin_ws/src/mavros/mavros_extras/src/plugins/odom.cpp:234:51:[m[K [01;31m[Kerror: [m[Kâ€˜[01m[Kstruct mavlink::common::msg::ODOMETRY[m[Kâ€™ has no member named â€˜[01m[Ktwist_covariance[m[Kâ€™
   ftf::covariance_urt_to_mavlink(cov_vel_map, msg.twist_covariance);
[01;32m[K                                                   ^[m[K
CMakeFiles/mavros_extras.dir/build.make:278: recipe for target 'CMakeFiles/mavros_extras.dir/src/plugins/odom.cpp.o' failed
make[2]: *** [CMakeFiles/mavros_extras.dir/src/plugins/odom.cpp.o] Error 1
make[2]: *** Waiting for unfinished jobs....
CMakeFiles/Makefile2:67: recipe for target 'CMakeFiles/mavros_extras.dir/all' failed
make[1]: *** [CMakeFiles/mavros_extras.dir/all] Error 2
Makefile:138: recipe for target 'all' failed
make: *** [all] Error 2
